<?xml version="1.0" encoding="UTF-8"?>
<!-- Generated by org.testng.reporters.JUnitReportReporter -->
<testsuite hostname="CA-LBP0WFL3" failures="0" tests="1" name="com.framework.reports.DummyExtentReportTest" time="1.431" errors="0" timestamp="2023-03-25T15:57:32 EDT" skipped="0">
  <testcase classname="com.framework.reports.DummyExtentReportTest" name="test1" time="1.431"/>
  <system-out/>
</testsuite> <!-- com.framework.reports.DummyExtentReportTest -->
