<?xml version="1.0" encoding="UTF-8"?>
<!-- Generated by org.testng.reporters.JUnitReportReporter -->
<testsuite hostname="CA-LBP0WFL3" failures="0" tests="2" name="com.automation.tests.LoginTestsWithDataProvider" time="27.853" errors="0" timestamp="2023-05-15T22:38:50 EDT" skipped="0">
  <testcase classname="com.automation.tests.LoginTestsWithDataProvider" name="loginLogOutTest" time="12.711"/>
  <system-out/>
  <testcase classname="com.automation.tests.LoginTestsWithDataProvider" name="loginLogOutTest" time="15.142"/>
  <system-out/>
</testsuite> <!-- com.automation.tests.LoginTestsWithDataProvider -->
