<?xml version="1.0" encoding="UTF-8"?>
<!-- Generated by org.testng.reporters.JUnitReportReporter -->
<testsuite hostname="CA-LBP0WFL3" failures="0" tests="1" name="com.automation.tests.JSONTest" time="0.005" errors="0" timestamp="2023-03-21T21:58:41 EDT" skipped="0">
  <testcase classname="com.automation.tests.JSONTest" name="testJSONData" time="0.005"/>
  <system-out/>
</testsuite> <!-- com.automation.tests.JSONTest -->
