<?xml version="1.0" encoding="UTF-8"?>
<!-- Generated by org.testng.reporters.JUnitReportReporter -->
<testsuite hostname="CA-LBP0WFL3" failures="0" tests="2" name="com.automation.tests.LoginTests" time="0.894" errors="2" timestamp="2023-04-08T11:58:44 EDT" skipped="0">
  <testcase classname="com.automation.tests.LoginTests" name="loginLogOutTest1" time="0.447">
    <error message="
[public void com.automation.tests.LoginTests.loginLogOutTest1()] has no parameters defined but was found to be using a data provider (either explicitly specified or inherited from class level annotation).
Data provider mismatch
Method: loginLogOutTest1([])
Arguments: [(java.util.HashMap) {fname=testing framework, password=admin123, browser=chrome, testname=loginLogOutTest1, execute=yes, username=admin}]" type="org.testng.internal.reflect.MethodMatcherException">
      <![CDATA[org.testng.internal.reflect.MethodMatcherException: 
[public void com.automation.tests.LoginTests.loginLogOutTest1()] has no parameters defined but was found to be using a data provider (either explicitly specified or inherited from class level annotation).
Data provider mismatch
Method: loginLogOutTest1([])
Arguments: [(java.util.HashMap) {fname=testing framework, password=admin123, browser=chrome, testname=loginLogOutTest1, execute=yes, username=admin}]
at org.testng.internal.reflect.DataProviderMethodMatcher.getConformingArguments(DataProviderMethodMatcher.java:46)
at org.testng.internal.Parameters.injectParameters(Parameters.java:918)
at org.testng.internal.invokers.MethodRunner.runInParallel(MethodRunner.java:107)
at org.testng.internal.invokers.TestInvoker$MethodInvocationAgent.invoke(TestInvoker.java:951)
at org.testng.internal.invokers.TestInvoker.invokeTestMethods(TestInvoker.java:194)
at org.testng.internal.invokers.TestMethodWorker.invokeTestMethods(TestMethodWorker.java:148)
at org.testng.internal.invokers.TestMethodWorker.run(TestMethodWorker.java:128)
at java.base/java.util.concurrent.ThreadPoolExecutor.runWorker(ThreadPoolExecutor.java:1136)
at java.base/java.util.concurrent.ThreadPoolExecutor$Worker.run(ThreadPoolExecutor.java:635)
at java.base/java.lang.Thread.run(Thread.java:833)
]]>
    </error>
  </testcase> <!-- loginLogOutTest1 -->
  <system-out/>
  <testcase classname="com.automation.tests.LoginTests" name="loginLogOutTest" time="0.447">
    <error message="
[public void com.automation.tests.LoginTests.loginLogOutTest()] has no parameters defined but was found to be using a data provider (either explicitly specified or inherited from class level annotation).
Data provider mismatch
Method: loginLogOutTest([])
Arguments: [(java.util.HashMap) {fname=amuthan, password=admin123, browser=chrome, testname=loginLogOutTest, execute=yes, username=admin}]" type="org.testng.internal.reflect.MethodMatcherException">
      <![CDATA[org.testng.internal.reflect.MethodMatcherException: 
[public void com.automation.tests.LoginTests.loginLogOutTest()] has no parameters defined but was found to be using a data provider (either explicitly specified or inherited from class level annotation).
Data provider mismatch
Method: loginLogOutTest([])
Arguments: [(java.util.HashMap) {fname=amuthan, password=admin123, browser=chrome, testname=loginLogOutTest, execute=yes, username=admin}]
at org.testng.internal.reflect.DataProviderMethodMatcher.getConformingArguments(DataProviderMethodMatcher.java:46)
at org.testng.internal.Parameters.injectParameters(Parameters.java:918)
at org.testng.internal.invokers.MethodRunner.runInParallel(MethodRunner.java:107)
at org.testng.internal.invokers.TestInvoker$MethodInvocationAgent.invoke(TestInvoker.java:951)
at org.testng.internal.invokers.TestInvoker.invokeTestMethods(TestInvoker.java:194)
at org.testng.internal.invokers.TestMethodWorker.invokeTestMethods(TestMethodWorker.java:148)
at org.testng.internal.invokers.TestMethodWorker.run(TestMethodWorker.java:128)
at java.base/java.util.concurrent.ThreadPoolExecutor.runWorker(ThreadPoolExecutor.java:1136)
at java.base/java.util.concurrent.ThreadPoolExecutor$Worker.run(ThreadPoolExecutor.java:635)
at java.base/java.lang.Thread.run(Thread.java:833)
]]>
    </error>
  </testcase> <!-- loginLogOutTest -->
  <system-out/>
</testsuite> <!-- com.automation.tests.LoginTests -->
