<?xml version="1.0" encoding="UTF-8"?>
<!-- Generated by org.testng.reporters.JUnitReportReporter -->
<testsuite hostname="CA-LBP0WFL3" failures="0" tests="1" name="com.automation.tests.HomePageTest" time="6.397" errors="0" timestamp="2023-03-28T21:36:05 EDT" skipped="0">
  <testcase classname="com.automation.tests.HomePageTest" name="test4" time="6.397"/>
  <system-out/>
</testsuite> <!-- com.automation.tests.HomePageTest -->
