<?xml version="1.0" encoding="UTF-8"?>
<!-- Generated by org.testng.reporters.JUnitReportReporter -->
<testsuite hostname="CA-LBP0WFL3" failures="0" tests="1" name="com.automation.tests.ExecuteTestInDocker" time="7.349" errors="0" timestamp="2023-05-15T21:14:41 EDT" skipped="0">
  <testcase classname="com.automation.tests.ExecuteTestInDocker" name="localTest" time="7.349"/>
  <system-out/>
</testsuite> <!-- com.automation.tests.ExecuteTestInDocker -->
